Base path: '/home/alex/Unity/Hub/Editor/2019.3.13f1/Editor/Data', plugins path '/home/alex/Unity/Hub/Editor/2019.3.13f1/Editor/Data/PlaybackEngines'
Cmd: initializeCompiler
Cmd: compileComputeKernel
  api=15 insize=18731 outsize=16381 ok=1
Cmd: compileComputeKernel
  api=15 insize=18731 outsize=24868 ok=1
Cmd: compileComputeKernel
  api=18 insize=18731 outsize=32670 ok=1
Cmd: compileComputeKernel
  api=18 insize=18731 outsize=33049 ok=1
Cmd: compileComputeKernel
  api=18 insize=18731 outsize=56082 ok=1
Cmd: compileComputeKernel
  api=15 insize=1226 outsize=2229 ok=1
Cmd: compileComputeKernel
  api=18 insize=1505 outsize=6787 ok=1
Cmd: compileComputeKernel
  api=15 insize=5032 outsize=11508 ok=1
Cmd: compileComputeKernel
  api=18 insize=5032 outsize=24708 ok=1
Cmd: compileComputeKernel
  api=15 insize=1864 outsize=3833 ok=1
Cmd: compileComputeKernel
  api=18 insize=3158 outsize=198943 ok=1
Cmd: compileComputeKernel
  api=15 insize=11176 outsize=18502 ok=1
Cmd: compileComputeKernel
  api=18 insize=11176 outsize=40108 ok=1
Cmd: compileComputeKernel
  api=18 insize=11176 outsize=48605 ok=1
Cmd: compileComputeKernel
  api=15 insize=2120 outsize=2120 ok=1
Cmd: compileComputeKernel
  api=15 insize=2134 outsize=1026 ok=1
Cmd: compileComputeKernel
  api=18 insize=2134 outsize=1256 ok=1
Cmd: compileComputeKernel
  api=18 insize=3532 outsize=9805 ok=1
Cmd: compileComputeKernel
  api=15 insize=1957 outsize=3376 ok=1
Cmd: compileComputeKernel
  api=18 insize=5591 outsize=24933 ok=1

Quitting shader compiler process
